<?xml version="1.0" encoding="UTF-8"?>
<testsuite xmlns:xsi="http://www.w3.org/2001/XMLSchema-instance" xsi:noNamespaceSchemaLocation="https://maven.apache.org/surefire/maven-surefire-plugin/xsd/surefire-test-report-3.0.xsd" version="3.0" name="TestSuite" time="8.543" tests="12" errors="0" skipped="0" failures="0">
  <properties>
[...]
</properties>
  <testcase name="testGetAuthAndToken" classname="tests.AuthTests" time="2.074">
    <system-err><![CDATA[SLF4J: Failed to load class "org.slf4j.impl.StaticLoggerBinder".
SLF4J: Defaulting to no-operation (NOP) logger implementation
SLF4J: See http://www.slf4j.org/codes.html#StaticLoggerBinder for further details.
]]></system-err>
  </testcase>
  <testcase name="testViewRoomList" classname="tests.ViewRoomListTest" time="0.262"/>
  <testcase name="testViewRoomById" classname="tests.ViewRoomByIdTest" time="0.187"/>
  <testcase name="testViewRoomsByIdFromJson" classname="tests.ViewRoomByIdTest" time="0.868"/>
  <testcase name="testViewRoomByType" classname="tests.ViewRoomByTypeTest" time="0.206"/>
  <testcase name="testViewRoomsByTypeFromJson" classname="tests.ViewRoomByTypeTest" time="0.607"/>
  <testcase name="testAddRoom" classname="tests.AddRoomTest" time="0.41"/>
  <testcase name="testAddRoomsFromJson" classname="tests.AddRoomTest" time="1.089"/>
  <testcase name="testUpdateRoomPrice" classname="tests.UpdateRoomPriceTest" time="0.184"/>
  <testcase name="testUpdateRoomPricesFromJson" classname="tests.UpdateRoomPriceTest" time="0.64"/>
  <testcase name="testDeleteRoomById" classname="tests.DeleteRoomTest" time="0.169"/>
  <testcase name="testDeleteRoomsFromJson" classname="tests.DeleteRoomTest" time="0.526"/>
</testsuite>