<?xml version="1.0" encoding="UTF-8"?>
<!-- Generated by org.testng.reporters.JUnitXMLReporter -->
<testsuite ignored="12" hostname="MSI" failures="0" tests="12" name="RoomService Tests" time="7.262" errors="0" timestamp="2025-08-12T20:05:40 IST">
  <testcase classname="tests.AuthTests" name="testGetAuthAndToken" time="2.073"/>
  <testcase classname="tests.ViewRoomListTest" name="testViewRoomList" time="0.261"/>
  <testcase classname="tests.ViewRoomByIdTest" name="testViewRoomById" time="0.187"/>
  <testcase classname="tests.ViewRoomByIdTest" name="testViewRoomsByIdFromJson" time="0.867"/>
  <testcase classname="tests.ViewRoomByTypeTest" name="testViewRoomByType" time="0.206"/>
  <testcase classname="tests.ViewRoomByTypeTest" name="testViewRoomsByTypeFromJson" time="0.607"/>
  <testcase classname="tests.AddRoomTest" name="testAddRoom" time="0.409"/>
  <testcase classname="tests.AddRoomTest" name="testAddRoomsFromJson" time="1.088"/>
  <testcase classname="tests.UpdateRoomPriceTest" name="testUpdateRoomPrice" time="0.185"/>
  <testcase classname="tests.UpdateRoomPriceTest" name="testUpdateRoomPricesFromJson" time="0.64"/>
  <testcase classname="tests.DeleteRoomTest" name="testDeleteRoomById" time="0.169"/>
  <testcase classname="tests.DeleteRoomTest" name="testDeleteRoomsFromJson" time="0.526"/>
  <testcase classname="base.TestBase" name="@BeforeSuite beforeSuite" time="0.0">
    <ignored/>
  </testcase> <!-- @BeforeSuite beforeSuite -->
  <testcase classname="base.TestBase" name="@AfterSuite afterSuite" time="0.0">
    <ignored/>
  </testcase> <!-- @AfterSuite afterSuite -->
  <testcase classname="base.TestBase" name="@BeforeSuite beforeSuite" time="0.0">
    <ignored/>
  </testcase> <!-- @BeforeSuite beforeSuite -->
  <testcase classname="base.TestBase" name="@BeforeSuite beforeSuite" time="0.0">
    <ignored/>
  </testcase> <!-- @BeforeSuite beforeSuite -->
  <testcase classname="base.TestBase" name="@BeforeSuite beforeSuite" time="0.0">
    <ignored/>
  </testcase> <!-- @BeforeSuite beforeSuite -->
  <testcase classname="base.TestBase" name="@AfterSuite afterSuite" time="0.0">
    <ignored/>
  </testcase> <!-- @AfterSuite afterSuite -->
  <testcase classname="base.TestBase" name="@BeforeSuite beforeSuite" time="0.0">
    <ignored/>
  </testcase> <!-- @BeforeSuite beforeSuite -->
  <testcase classname="base.TestBase" name="@AfterSuite afterSuite" time="0.0">
    <ignored/>
  </testcase> <!-- @AfterSuite afterSuite -->
  <testcase classname="base.TestBase" name="@AfterSuite afterSuite" time="0.0">
    <ignored/>
  </testcase> <!-- @AfterSuite afterSuite -->
  <testcase classname="base.TestBase" name="@BeforeSuite beforeSuite" time="0.0">
    <ignored/>
  </testcase> <!-- @BeforeSuite beforeSuite -->
  <testcase classname="base.TestBase" name="@AfterSuite afterSuite" time="0.0">
    <ignored/>
  </testcase> <!-- @AfterSuite afterSuite -->
  <testcase classname="base.TestBase" name="@AfterSuite afterSuite" time="0.0">
    <ignored/>
  </testcase> <!-- @AfterSuite afterSuite -->
</testsuite> <!-- RoomService Tests -->
